<?xml version="1.0" encoding="UTF-8"?>
<testng-results ignored="0" total="2" passed="2" failed="0" skipped="0">
  <reporter-output>
  </reporter-output>
  <suite started-at="2025-04-05T18:05:01 IST" name="Suite" finished-at="2025-04-05T18:05:53 IST" duration-ms="52246">
    <groups>
    </groups>
    <test started-at="2025-04-05T18:05:01 IST" name="Test" finished-at="2025-04-05T18:05:53 IST" duration-ms="52246">
      <class name="testCases.TC_003_CurrencyChangeTest">
        <test-method is-config="true" signature="setup(java.lang.String)[pri:0, instance:testCases.TC_003_CurrencyChangeTest@487db668]" started-at="2025-04-05T18:05:01 IST" name="setup" finished-at="2025-04-05T18:05:07 IST" duration-ms="6302" status="PASS">
          <params>
            <param index="0">
              <value>
                <![CDATA[chrome]]>
              </value>
            </param>
          </params>
          <reporter-output>
          </reporter-output>
        </test-method> <!-- setup -->
        <test-method signature="CurrencyTest()[pri:0, instance:testCases.TC_003_CurrencyChangeTest@487db668]" started-at="2025-04-05T18:05:07 IST" name="CurrencyTest" finished-at="2025-04-05T18:05:11 IST" duration-ms="4036" status="PASS">
          <reporter-output>
          </reporter-output>
        </test-method> <!-- CurrencyTest -->
        <test-method is-config="true" signature="tearDown()[pri:0, instance:testCases.TC_003_CurrencyChangeTest@487db668]" started-at="2025-04-05T18:05:11 IST" name="tearDown" finished-at="2025-04-05T18:05:12 IST" duration-ms="596" status="PASS">
          <reporter-output>
          </reporter-output>
        </test-method> <!-- tearDown -->
      </class> <!-- testCases.TC_003_CurrencyChangeTest -->
      <class name="testCases.TC_004_SearchTest">
        <test-method is-config="true" signature="setup(java.lang.String)[pri:0, instance:testCases.TC_004_SearchTest@5674e1f2]" started-at="2025-04-05T18:05:12 IST" name="setup" finished-at="2025-04-05T18:05:49 IST" duration-ms="37207" status="PASS">
          <params>
            <param index="0">
              <value>
                <![CDATA[chrome]]>
              </value>
            </param>
          </params>
          <reporter-output>
          </reporter-output>
        </test-method> <!-- setup -->
        <test-method signature="searchTest()[pri:0, instance:testCases.TC_004_SearchTest@5674e1f2]" started-at="2025-04-05T18:05:49 IST" name="searchTest" finished-at="2025-04-05T18:05:53 IST" duration-ms="3616" status="PASS">
          <reporter-output>
          </reporter-output>
        </test-method> <!-- searchTest -->
        <test-method is-config="true" signature="tearDown()[pri:0, instance:testCases.TC_004_SearchTest@5674e1f2]" started-at="2025-04-05T18:05:53 IST" name="tearDown" finished-at="2025-04-05T18:05:53 IST" duration-ms="411" status="PASS">
          <reporter-output>
          </reporter-output>
        </test-method> <!-- tearDown -->
      </class> <!-- testCases.TC_004_SearchTest -->
    </test> <!-- Test -->
  </suite> <!-- Suite -->
</testng-results>
